<?xml version="1.0" encoding="UTF-8"?>
<testsuite xmlns:xsi="http://www.w3.org/2001/XMLSchema-instance" xsi:noNamespaceSchemaLocation="https://maven.apache.org/surefire/maven-failsafe-plugin/xsd/failsafe-test-report-3.0.xsd" version="3.0" name="org.schemaspy.testcontainer.InformixCheckConstraintIT" time="0.934" tests="1" errors="0" skipped="1" failures="0">
  <properties>
    <property name="awt.toolkit" value="sun.awt.X11.XToolkit"/>
    <property name="file.encoding.pkg" value="sun.io"/>
    <property name="java.specification.version" value="1.8"/>
    <property name="sun.cpu.isalist" value=""/>
    <property name="sonar.host.url" value="https://sonarcloud.io"/>
    <property name="sonar.login" value="b9b723417cef6e356aa2bf13a6de9b19271e28e3"/>
    <property name="sun.jnu.encoding" value="UTF-8"/>
    <property name="java.class.path" value="/home/travis/.m2/repository/org/apache/maven/surefire/surefire-booter/3.0.0-M3/surefire-booter-3.0.0-M3.jar:/home/travis/.m2/repository/org/apache/maven/surefire/surefire-api/3.0.0-M3/surefire-api-3.0.0-M3.jar:/home/travis/.m2/repository/org/apache/maven/surefire/surefire-logger-api/3.0.0-M3/surefire-logger-api-3.0.0-M3.jar:/home/travis/build/schemaspy/schemaspy/target/test-classes:/home/travis/build/schemaspy/schemaspy/target/schemaspy-6.1.1-SNAPSHOT.jar.original:/home/travis/.m2/repository/com/github/spullara/mustache/java/compiler/0.9.1/compiler-0.9.1.jar:/home/travis/.m2/repository/commons-io/commons-io/2.6/commons-io-2.6.jar:/home/travis/.m2/repository/com/vladsch/flexmark/flexmark/0.34.32/flexmark-0.34.32.jar:/home/travis/.m2/repository/com/vladsch/flexmark/flexmark-util/0.34.32/flexmark-util-0.34.32.jar:/home/travis/.m2/repository/com/vladsch/flexmark/flexmark-profile-pegdown/0.34.32/flexmark-profile-pegdown-0.34.32.jar:/home/travis/.m2/repository/com/vladsch/flexmark/flexmark-ext-abbreviation/0.34.32/flexmark-ext-abbreviation-0.34.32.jar:/home/travis/.m2/repository/com/vladsch/flexmark/flexmark-formatter/0.34.32/flexmark-formatter-0.34.32.jar:/home/travis/.m2/repository/com/vladsch/flexmark/flexmark-ext-anchorlink/0.34.32/flexmark-ext-anchorlink-0.34.32.jar:/home/travis/.m2/repository/com/vladsch/flexmark/flexmark-ext-aside/0.34.32/flexmark-ext-aside-0.34.32.jar:/home/travis/.m2/repository/com/vladsch/flexmark/flexmark-jira-converter/0.34.32/flexmark-jira-converter-0.34.32.jar:/home/travis/.m2/repository/com/vladsch/flexmark/flexmark-ext-autolink/0.34.32/flexmark-ext-autolink-0.34.32.jar:/home/travis/.m2/repository/org/nibor/autolink/autolink/0.6.0/autolink-0.6.0.jar:/home/travis/.m2/repository/com/vladsch/flexmark/flexmark-ext-definition/0.34.32/flexmark-ext-definition-0.34.32.jar:/home/travis/.m2/repository/com/vladsch/flexmark/flexmark-ext-emoji/0.34.32/flexmark-ext-emoji-0.34.32.jar:/home/travis/.m2/repository/com/vladsch/flexmark/flexmark-ext-escaped-character/0.34.32/flexmark-ext-escaped-character-0.34.32.jar:/home/travis/.m2/repository/com/vladsch/flexmark/flexmark-ext-footnotes/0.34.32/flexmark-ext-footnotes-0.34.32.jar:/home/travis/.m2/repository/com/vladsch/flexmark/flexmark-ext-gfm-strikethrough/0.34.32/flexmark-ext-gfm-strikethrough-0.34.32.jar:/home/travis/.m2/repository/com/vladsch/flexmark/flexmark-ext-gfm-tasklist/0.34.32/flexmark-ext-gfm-tasklist-0.34.32.jar:/home/travis/.m2/repository/com/vladsch/flexmark/flexmark-ext-ins/0.34.32/flexmark-ext-ins-0.34.32.jar:/home/travis/.m2/repository/com/vladsch/flexmark/flexmark-ext-jekyll-front-matter/0.34.32/flexmark-ext-jekyll-front-matter-0.34.32.jar:/home/travis/.m2/repository/com/vladsch/flexmark/flexmark-ext-yaml-front-matter/0.34.32/flexmark-ext-yaml-front-matter-0.34.32.jar:/home/travis/.m2/repository/com/vladsch/flexmark/flexmark-ext-superscript/0.34.32/flexmark-ext-superscript-0.34.32.jar:/home/travis/.m2/repository/com/vladsch/flexmark/flexmark-ext-tables/0.34.32/flexmark-ext-tables-0.34.32.jar:/home/travis/.m2/repository/com/vladsch/flexmark/flexmark-ext-toc/0.34.32/flexmark-ext-toc-0.34.32.jar:/home/travis/.m2/repository/com/vladsch/flexmark/flexmark-ext-typographic/0.34.32/flexmark-ext-typographic-0.34.32.jar:/home/travis/.m2/repository/com/vladsch/flexmark/flexmark-ext-wikilink/0.34.32/flexmark-ext-wikilink-0.34.32.jar:/home/travis/.m2/repository/org/json/json/20180813/json-20180813.jar:/home/travis/.m2/repository/org/springframework/boot/spring-boot-starter/2.1.2.RELEASE/spring-boot-starter-2.1.2.RELEASE.jar:/home/travis/.m2/repository/org/springframework/boot/spring-boot-starter-logging/2.1.2.RELEASE/spring-boot-starter-logging-2.1.2.RELEASE.jar:/home/travis/.m2/repository/ch/qos/logback/logback-classic/1.2.3/logback-classic-1.2.3.jar:/home/travis/.m2/repository/ch/qos/logback/logback-core/1.2.3/logback-core-1.2.3.jar:/home/travis/.m2/repository/org/apache/logging/log4j/log4j-to-slf4j/2.11.1/log4j-to-slf4j-2.11.1.jar:/home/travis/.m2/repository/org/apache/logging/log4j/log4j-api/2.11.1/log4j-api-2.11.1.jar:/home/travis/.m2/repository/org/slf4j/jul-to-slf4j/1.7.25/jul-to-slf4j-1.7.25.jar:/home/travis/.m2/repository/javax/annotation/javax.annotation-api/1.3.2/javax.annotation-api-1.3.2.jar:/home/travis/.m2/repository/org/yaml/snakeyaml/1.23/snakeyaml-1.23.jar:/home/travis/.m2/repository/org/springframework/boot/spring-boot/2.1.2.RELEASE/spring-boot-2.1.2.RELEASE.jar:/home/travis/.m2/repository/org/springframework/boot/spring-boot-autoconfigure/2.1.2.RELEASE/spring-boot-autoconfigure-2.1.2.RELEASE.jar:/home/travis/.m2/repository/org/springframework/spring-core/5.1.4.RELEASE/spring-core-5.1.4.RELEASE.jar:/home/travis/.m2/repository/org/springframework/spring-jcl/5.1.4.RELEASE/spring-jcl-5.1.4.RELEASE.jar:/home/travis/.m2/repository/org/springframework/spring-context/5.1.4.RELEASE/spring-context-5.1.4.RELEASE.jar:/home/travis/.m2/repository/org/springframework/spring-aop/5.1.4.RELEASE/spring-aop-5.1.4.RELEASE.jar:/home/travis/.m2/repository/org/springframework/spring-expression/5.1.4.RELEASE/spring-expression-5.1.4.RELEASE.jar:/home/travis/.m2/repository/org/springframework/spring-beans/5.1.4.RELEASE/spring-beans-5.1.4.RELEASE.jar:/home/travis/.m2/repository/org/springframework/boot/spring-boot-starter-test/2.1.2.RELEASE/spring-boot-starter-test-2.1.2.RELEASE.jar:/home/travis/.m2/repository/org/springframework/boot/spring-boot-test/2.1.2.RELEASE/spring-boot-test-2.1.2.RELEASE.jar:/home/travis/.m2/repository/org/springframework/boot/spring-boot-test-autoconfigure/2.1.2.RELEASE/spring-boot-test-autoconfigure-2.1.2.RELEASE.jar:/home/travis/.m2/repository/com/jayway/jsonpath/json-path/2.4.0/json-path-2.4.0.jar:/home/travis/.m2/repository/net/minidev/json-smart/2.3/json-smart-2.3.jar:/home/travis/.m2/repository/net/minidev/accessors-smart/1.2/accessors-smart-1.2.jar:/home/travis/.m2/repository/org/ow2/asm/asm/5.0.4/asm-5.0.4.jar:/home/travis/.m2/repository/org/hamcrest/hamcrest-library/1.3/hamcrest-library-1.3.jar:/home/travis/.m2/repository/org/skyscreamer/jsonassert/1.5.0/jsonassert-1.5.0.jar:/home/travis/.m2/repository/com/vaadin/external/google/android-json/0.0.20131108.vaadin1/android-json-0.0.20131108.vaadin1.jar:/home/travis/.m2/repository/org/springframework/spring-test/5.1.4.RELEASE/spring-test-5.1.4.RELEASE.jar:/home/travis/.m2/repository/org/hamcrest/hamcrest-core/1.3/hamcrest-core-1.3.jar:/home/travis/.m2/repository/org/mockito/mockito-core/2.13.0/mockito-core-2.13.0.jar:/home/travis/.m2/repository/net/bytebuddy/byte-buddy/1.9.7/byte-buddy-1.9.7.jar:/home/travis/.m2/repository/net/bytebuddy/byte-buddy-agent/1.9.7/byte-buddy-agent-1.9.7.jar:/home/travis/.m2/repository/org/objenesis/objenesis/2.6/objenesis-2.6.jar:/home/travis/.m2/repository/junit/junit/4.12/junit-4.12.jar:/home/travis/.m2/repository/org/assertj/assertj-core/3.8.0/assertj-core-3.8.0.jar:/home/travis/.m2/repository/com/h2database/h2/1.4.197/h2-1.4.197.jar:/home/travis/.m2/repository/com/beust/jcommander/1.69/jcommander-1.69.jar:/home/travis/.m2/repository/com/github/npetzall/testcontainers/junit/jdbc/1.10.1.0.0/jdbc-1.10.1.0.0.jar:/home/travis/.m2/repository/com/github/npetzall/testcontainers/junit/generic/1.10.1.0.0/generic-1.10.1.0.0.jar:/home/travis/.m2/repository/org/slf4j/slf4j-api/1.7.25/slf4j-api-1.7.25.jar:/home/travis/.m2/repository/org/testcontainers/testcontainers/1.10.1/testcontainers-1.10.1.jar:/home/travis/.m2/repository/org/slf4j/slf4j-ext/1.7.25/slf4j-ext-1.7.25.jar:/home/travis/.m2/repository/org/jetbrains/annotations/15.0/annotations-15.0.jar:/home/travis/.m2/repository/org/apache/commons/commons-compress/1.18/commons-compress-1.18.jar:/home/travis/.m2/repository/javax/xml/bind/jaxb-api/2.3.1/jaxb-api-2.3.1.jar:/home/travis/.m2/repository/javax/activation/javax.activation-api/1.2.0/javax.activation-api-1.2.0.jar:/home/travis/.m2/repository/org/rnorth/duct-tape/duct-tape/1.0.7/duct-tape-1.0.7.jar:/home/travis/.m2/repository/org/rnorth/visible-assertions/visible-assertions/2.1.1/visible-assertions-2.1.1.jar:/home/travis/.m2/repository/net/java/dev/jna/jna/4.5.2/jna-4.5.2.jar:/home/travis/.m2/repository/org/rnorth/tcp-unix-socket-proxy/1.0.2/tcp-unix-socket-proxy-1.0.2.jar:/home/travis/.m2/repository/com/kohlschutter/junixsocket/junixsocket-native-common/2.0.4/junixsocket-native-common-2.0.4.jar:/home/travis/.m2/repository/org/scijava/native-lib-loader/2.0.2/native-lib-loader-2.0.2.jar:/home/travis/.m2/repository/com/kohlschutter/junixsocket/junixsocket-common/2.0.4/junixsocket-common-2.0.4.jar:/home/travis/.m2/repository/net/java/dev/jna/jna-platform/4.5.2/jna-platform-4.5.2.jar:/home/travis/.m2/repository/org/testcontainers/jdbc/1.10.1/jdbc-1.10.1.jar:/home/travis/.m2/repository/org/testcontainers/database-commons/1.10.1/database-commons-1.10.1.jar:/home/travis/.m2/repository/org/testcontainers/oracle-xe/1.10.1/oracle-xe-1.10.1.jar:/home/travis/.m2/repository/org/testcontainers/mysql/1.10.1/mysql-1.10.1.jar:/home/travis/.m2/repository/mysql/mysql-connector-java/6.0.6/mysql-connector-java-6.0.6.jar:/home/travis/.m2/repository/org/mariadb/jdbc/mariadb-java-client/2.2.6/mariadb-java-client-2.2.6.jar:/home/travis/.m2/repository/com/microsoft/sqlserver/mssql-jdbc/6.2.2.jre8/mssql-jdbc-6.2.2.jre8.jar:/home/travis/.m2/repository/org/testcontainers/mssqlserver/1.10.1/mssqlserver-1.10.1.jar:/home/travis/.m2/repository/org/testcontainers/postgresql/1.10.1/postgresql-1.10.1.jar:/home/travis/.m2/repository/org/postgresql/postgresql/42.2.4/postgresql-42.2.4.jar:/home/travis/.m2/repository/org/xerial/sqlite-jdbc/3.27.2/sqlite-jdbc-3.27.2.jar:/home/travis/.m2/repository/org/xmlunit/xmlunit-core/2.3.0/xmlunit-core-2.3.0.jar:/home/travis/.m2/repository/nl/jqno/equalsverifier/equalsverifier/2.4/equalsverifier-2.4.jar:/home/travis/.m2/repository/org/sonarsource/java/sonar-jacoco-listeners/5.0.1.12818/sonar-jacoco-listeners-5.0.1.12818.jar:/home/travis/build/schemaspy/schemaspy/ext-lib/*:/home/travis/.m2/repository/org/apache/maven/surefire/surefire-junit4/3.0.0-M3/surefire-junit4-3.0.0-M3.jar:/home/travis/.m2/repository/org/apache/maven/surefire/common-java5/3.0.0-M3/common-java5-3.0.0-M3.jar:/home/travis/.m2/repository/org/apache/maven/surefire/common-junit3/3.0.0-M3/common-junit3-3.0.0-M3.jar:/home/travis/.m2/repository/org/apache/maven/surefire/common-junit4/3.0.0-M3/common-junit4-3.0.0-M3.jar:/home/travis/.m2/repository/org/jacoco/org.jacoco.agent/0.8.0/org.jacoco.agent-0.8.0-runtime.jar"/>
    <property name="java.vm.vendor" value="Private Build"/>
    <property name="sun.arch.data.model" value="64"/>
    <property name="java.vendor.url" value="http://java.oracle.com/"/>
    <property name="user.timezone" value=""/>
    <property name="java.vm.specification.version" value="1.8"/>
    <property name="os.name" value="Linux"/>
    <property name="user.country" value="US"/>
    <property name="sun.java.launcher" value="SUN_STANDARD"/>
    <property name="sun.boot.library.path" value="/usr/lib/jvm/java-8-openjdk-amd64/jre/lib/amd64"/>
    <property name="sun.java.command" value="org.apache.maven.surefire.booter.ForkedBooter /home/travis/build/schemaspy/schemaspy/target/surefire 2020-03-05T23-31-38_294-jvmRun1 surefire4557808367198117257tmp surefire_08350287651859346887tmp"/>
    <property name="surefire.test.class.path" value="/home/travis/build/schemaspy/schemaspy/target/test-classes:/home/travis/build/schemaspy/schemaspy/target/schemaspy-6.1.1-SNAPSHOT.jar.original:/home/travis/.m2/repository/com/github/spullara/mustache/java/compiler/0.9.1/compiler-0.9.1.jar:/home/travis/.m2/repository/commons-io/commons-io/2.6/commons-io-2.6.jar:/home/travis/.m2/repository/com/vladsch/flexmark/flexmark/0.34.32/flexmark-0.34.32.jar:/home/travis/.m2/repository/com/vladsch/flexmark/flexmark-util/0.34.32/flexmark-util-0.34.32.jar:/home/travis/.m2/repository/com/vladsch/flexmark/flexmark-profile-pegdown/0.34.32/flexmark-profile-pegdown-0.34.32.jar:/home/travis/.m2/repository/com/vladsch/flexmark/flexmark-ext-abbreviation/0.34.32/flexmark-ext-abbreviation-0.34.32.jar:/home/travis/.m2/repository/com/vladsch/flexmark/flexmark-formatter/0.34.32/flexmark-formatter-0.34.32.jar:/home/travis/.m2/repository/com/vladsch/flexmark/flexmark-ext-anchorlink/0.34.32/flexmark-ext-anchorlink-0.34.32.jar:/home/travis/.m2/repository/com/vladsch/flexmark/flexmark-ext-aside/0.34.32/flexmark-ext-aside-0.34.32.jar:/home/travis/.m2/repository/com/vladsch/flexmark/flexmark-jira-converter/0.34.32/flexmark-jira-converter-0.34.32.jar:/home/travis/.m2/repository/com/vladsch/flexmark/flexmark-ext-autolink/0.34.32/flexmark-ext-autolink-0.34.32.jar:/home/travis/.m2/repository/org/nibor/autolink/autolink/0.6.0/autolink-0.6.0.jar:/home/travis/.m2/repository/com/vladsch/flexmark/flexmark-ext-definition/0.34.32/flexmark-ext-definition-0.34.32.jar:/home/travis/.m2/repository/com/vladsch/flexmark/flexmark-ext-emoji/0.34.32/flexmark-ext-emoji-0.34.32.jar:/home/travis/.m2/repository/com/vladsch/flexmark/flexmark-ext-escaped-character/0.34.32/flexmark-ext-escaped-character-0.34.32.jar:/home/travis/.m2/repository/com/vladsch/flexmark/flexmark-ext-footnotes/0.34.32/flexmark-ext-footnotes-0.34.32.jar:/home/travis/.m2/repository/com/vladsch/flexmark/flexmark-ext-gfm-strikethrough/0.34.32/flexmark-ext-gfm-strikethrough-0.34.32.jar:/home/travis/.m2/repository/com/vladsch/flexmark/flexmark-ext-gfm-tasklist/0.34.32/flexmark-ext-gfm-tasklist-0.34.32.jar:/home/travis/.m2/repository/com/vladsch/flexmark/flexmark-ext-ins/0.34.32/flexmark-ext-ins-0.34.32.jar:/home/travis/.m2/repository/com/vladsch/flexmark/flexmark-ext-jekyll-front-matter/0.34.32/flexmark-ext-jekyll-front-matter-0.34.32.jar:/home/travis/.m2/repository/com/vladsch/flexmark/flexmark-ext-yaml-front-matter/0.34.32/flexmark-ext-yaml-front-matter-0.34.32.jar:/home/travis/.m2/repository/com/vladsch/flexmark/flexmark-ext-superscript/0.34.32/flexmark-ext-superscript-0.34.32.jar:/home/travis/.m2/repository/com/vladsch/flexmark/flexmark-ext-tables/0.34.32/flexmark-ext-tables-0.34.32.jar:/home/travis/.m2/repository/com/vladsch/flexmark/flexmark-ext-toc/0.34.32/flexmark-ext-toc-0.34.32.jar:/home/travis/.m2/repository/com/vladsch/flexmark/flexmark-ext-typographic/0.34.32/flexmark-ext-typographic-0.34.32.jar:/home/travis/.m2/repository/com/vladsch/flexmark/flexmark-ext-wikilink/0.34.32/flexmark-ext-wikilink-0.34.32.jar:/home/travis/.m2/repository/org/json/json/20180813/json-20180813.jar:/home/travis/.m2/repository/org/springframework/boot/spring-boot-starter/2.1.2.RELEASE/spring-boot-starter-2.1.2.RELEASE.jar:/home/travis/.m2/repository/org/springframework/boot/spring-boot-starter-logging/2.1.2.RELEASE/spring-boot-starter-logging-2.1.2.RELEASE.jar:/home/travis/.m2/repository/ch/qos/logback/logback-classic/1.2.3/logback-classic-1.2.3.jar:/home/travis/.m2/repository/ch/qos/logback/logback-core/1.2.3/logback-core-1.2.3.jar:/home/travis/.m2/repository/org/apache/logging/log4j/log4j-to-slf4j/2.11.1/log4j-to-slf4j-2.11.1.jar:/home/travis/.m2/repository/org/apache/logging/log4j/log4j-api/2.11.1/log4j-api-2.11.1.jar:/home/travis/.m2/repository/org/slf4j/jul-to-slf4j/1.7.25/jul-to-slf4j-1.7.25.jar:/home/travis/.m2/repository/javax/annotation/javax.annotation-api/1.3.2/javax.annotation-api-1.3.2.jar:/home/travis/.m2/repository/org/yaml/snakeyaml/1.23/snakeyaml-1.23.jar:/home/travis/.m2/repository/org/springframework/boot/spring-boot/2.1.2.RELEASE/spring-boot-2.1.2.RELEASE.jar:/home/travis/.m2/repository/org/springframework/boot/spring-boot-autoconfigure/2.1.2.RELEASE/spring-boot-autoconfigure-2.1.2.RELEASE.jar:/home/travis/.m2/repository/org/springframework/spring-core/5.1.4.RELEASE/spring-core-5.1.4.RELEASE.jar:/home/travis/.m2/repository/org/springframework/spring-jcl/5.1.4.RELEASE/spring-jcl-5.1.4.RELEASE.jar:/home/travis/.m2/repository/org/springframework/spring-context/5.1.4.RELEASE/spring-context-5.1.4.RELEASE.jar:/home/travis/.m2/repository/org/springframework/spring-aop/5.1.4.RELEASE/spring-aop-5.1.4.RELEASE.jar:/home/travis/.m2/repository/org/springframework/spring-expression/5.1.4.RELEASE/spring-expression-5.1.4.RELEASE.jar:/home/travis/.m2/repository/org/springframework/spring-beans/5.1.4.RELEASE/spring-beans-5.1.4.RELEASE.jar:/home/travis/.m2/repository/org/springframework/boot/spring-boot-starter-test/2.1.2.RELEASE/spring-boot-starter-test-2.1.2.RELEASE.jar:/home/travis/.m2/repository/org/springframework/boot/spring-boot-test/2.1.2.RELEASE/spring-boot-test-2.1.2.RELEASE.jar:/home/travis/.m2/repository/org/springframework/boot/spring-boot-test-autoconfigure/2.1.2.RELEASE/spring-boot-test-autoconfigure-2.1.2.RELEASE.jar:/home/travis/.m2/repository/com/jayway/jsonpath/json-path/2.4.0/json-path-2.4.0.jar:/home/travis/.m2/repository/net/minidev/json-smart/2.3/json-smart-2.3.jar:/home/travis/.m2/repository/net/minidev/accessors-smart/1.2/accessors-smart-1.2.jar:/home/travis/.m2/repository/org/ow2/asm/asm/5.0.4/asm-5.0.4.jar:/home/travis/.m2/repository/org/hamcrest/hamcrest-library/1.3/hamcrest-library-1.3.jar:/home/travis/.m2/repository/org/skyscreamer/jsonassert/1.5.0/jsonassert-1.5.0.jar:/home/travis/.m2/repository/com/vaadin/external/google/android-json/0.0.20131108.vaadin1/android-json-0.0.20131108.vaadin1.jar:/home/travis/.m2/repository/org/springframework/spring-test/5.1.4.RELEASE/spring-test-5.1.4.RELEASE.jar:/home/travis/.m2/repository/org/hamcrest/hamcrest-core/1.3/hamcrest-core-1.3.jar:/home/travis/.m2/repository/org/mockito/mockito-core/2.13.0/mockito-core-2.13.0.jar:/home/travis/.m2/repository/net/bytebuddy/byte-buddy/1.9.7/byte-buddy-1.9.7.jar:/home/travis/.m2/repository/net/bytebuddy/byte-buddy-agent/1.9.7/byte-buddy-agent-1.9.7.jar:/home/travis/.m2/repository/org/objenesis/objenesis/2.6/objenesis-2.6.jar:/home/travis/.m2/repository/junit/junit/4.12/junit-4.12.jar:/home/travis/.m2/repository/org/assertj/assertj-core/3.8.0/assertj-core-3.8.0.jar:/home/travis/.m2/repository/com/h2database/h2/1.4.197/h2-1.4.197.jar:/home/travis/.m2/repository/com/beust/jcommander/1.69/jcommander-1.69.jar:/home/travis/.m2/repository/com/github/npetzall/testcontainers/junit/jdbc/1.10.1.0.0/jdbc-1.10.1.0.0.jar:/home/travis/.m2/repository/com/github/npetzall/testcontainers/junit/generic/1.10.1.0.0/generic-1.10.1.0.0.jar:/home/travis/.m2/repository/org/slf4j/slf4j-api/1.7.25/slf4j-api-1.7.25.jar:/home/travis/.m2/repository/org/testcontainers/testcontainers/1.10.1/testcontainers-1.10.1.jar:/home/travis/.m2/repository/org/slf4j/slf4j-ext/1.7.25/slf4j-ext-1.7.25.jar:/home/travis/.m2/repository/org/jetbrains/annotations/15.0/annotations-15.0.jar:/home/travis/.m2/repository/org/apache/commons/commons-compress/1.18/commons-compress-1.18.jar:/home/travis/.m2/repository/javax/xml/bind/jaxb-api/2.3.1/jaxb-api-2.3.1.jar:/home/travis/.m2/repository/javax/activation/javax.activation-api/1.2.0/javax.activation-api-1.2.0.jar:/home/travis/.m2/repository/org/rnorth/duct-tape/duct-tape/1.0.7/duct-tape-1.0.7.jar:/home/travis/.m2/repository/org/rnorth/visible-assertions/visible-assertions/2.1.1/visible-assertions-2.1.1.jar:/home/travis/.m2/repository/net/java/dev/jna/jna/4.5.2/jna-4.5.2.jar:/home/travis/.m2/repository/org/rnorth/tcp-unix-socket-proxy/1.0.2/tcp-unix-socket-proxy-1.0.2.jar:/home/travis/.m2/repository/com/kohlschutter/junixsocket/junixsocket-native-common/2.0.4/junixsocket-native-common-2.0.4.jar:/home/travis/.m2/repository/org/scijava/native-lib-loader/2.0.2/native-lib-loader-2.0.2.jar:/home/travis/.m2/repository/com/kohlschutter/junixsocket/junixsocket-common/2.0.4/junixsocket-common-2.0.4.jar:/home/travis/.m2/repository/net/java/dev/jna/jna-platform/4.5.2/jna-platform-4.5.2.jar:/home/travis/.m2/repository/org/testcontainers/jdbc/1.10.1/jdbc-1.10.1.jar:/home/travis/.m2/repository/org/testcontainers/database-commons/1.10.1/database-commons-1.10.1.jar:/home/travis/.m2/repository/org/testcontainers/oracle-xe/1.10.1/oracle-xe-1.10.1.jar:/home/travis/.m2/repository/org/testcontainers/mysql/1.10.1/mysql-1.10.1.jar:/home/travis/.m2/repository/mysql/mysql-connector-java/6.0.6/mysql-connector-java-6.0.6.jar:/home/travis/.m2/repository/org/mariadb/jdbc/mariadb-java-client/2.2.6/mariadb-java-client-2.2.6.jar:/home/travis/.m2/repository/com/microsoft/sqlserver/mssql-jdbc/6.2.2.jre8/mssql-jdbc-6.2.2.jre8.jar:/home/travis/.m2/repository/org/testcontainers/mssqlserver/1.10.1/mssqlserver-1.10.1.jar:/home/travis/.m2/repository/org/testcontainers/postgresql/1.10.1/postgresql-1.10.1.jar:/home/travis/.m2/repository/org/postgresql/postgresql/42.2.4/postgresql-42.2.4.jar:/home/travis/.m2/repository/org/xerial/sqlite-jdbc/3.27.2/sqlite-jdbc-3.27.2.jar:/home/travis/.m2/repository/org/xmlunit/xmlunit-core/2.3.0/xmlunit-core-2.3.0.jar:/home/travis/.m2/repository/nl/jqno/equalsverifier/equalsverifier/2.4/equalsverifier-2.4.jar:/home/travis/.m2/repository/org/sonarsource/java/sonar-jacoco-listeners/5.0.1.12818/sonar-jacoco-listeners-5.0.1.12818.jar:/home/travis/build/schemaspy/schemaspy/ext-lib/*:"/>
    <property name="sun.cpu.endian" value="little"/>
    <property name="user.home" value="/home/travis"/>
    <property name="user.language" value="en"/>
    <property name="java.specification.vendor" value="Oracle Corporation"/>
    <property name="pomImplementationBuild" value="6.1.1-SNAPSHOT.41 2020-03-05 23:30:50"/>
    <property name="java.home" value="/usr/lib/jvm/java-8-openjdk-amd64/jre"/>
    <property name="basedir" value="/home/travis/build/schemaspy/schemaspy"/>
    <property name="file.separator" value="/"/>
    <property name="line.separator" value="&#10;"/>
    <property name="java.vm.specification.vendor" value="Oracle Corporation"/>
    <property name="java.specification.name" value="Java Platform API Specification"/>
    <property name="java.awt.graphicsenv" value="sun.awt.X11GraphicsEnvironment"/>
    <property name="sun.boot.class.path" value="/usr/lib/jvm/java-8-openjdk-amd64/jre/lib/resources.jar:/usr/lib/jvm/java-8-openjdk-amd64/jre/lib/rt.jar:/usr/lib/jvm/java-8-openjdk-amd64/jre/lib/sunrsasign.jar:/usr/lib/jvm/java-8-openjdk-amd64/jre/lib/jsse.jar:/usr/lib/jvm/java-8-openjdk-amd64/jre/lib/jce.jar:/usr/lib/jvm/java-8-openjdk-amd64/jre/lib/charsets.jar:/usr/lib/jvm/java-8-openjdk-amd64/jre/lib/jfr.jar:/usr/lib/jvm/java-8-openjdk-amd64/jre/classes"/>
    <property name="sun.management.compiler" value="HotSpot 64-Bit Tiered Compilers"/>
    <property name="java.runtime.version" value="1.8.0_242-8u242-b08-0ubuntu3~16.04-b08"/>
    <property name="user.name" value="travis"/>
    <property name="path.separator" value=":"/>
    <property name="os.version" value="4.15.0-1055-gcp"/>
    <property name="java.endorsed.dirs" value="/usr/lib/jvm/java-8-openjdk-amd64/jre/lib/endorsed"/>
    <property name="java.runtime.name" value="OpenJDK Runtime Environment"/>
    <property name="file.encoding" value="UTF-8"/>
    <property name="java.vm.name" value="OpenJDK 64-Bit Server VM"/>
    <property name="pomImplementationVersion" value="6.1.1-SNAPSHOT"/>
    <property name="localRepository" value="/home/travis/.m2/repository"/>
    <property name="java.vendor.url.bug" value="http://bugreport.sun.com/bugreport/"/>
    <property name="java.io.tmpdir" value="/tmp"/>
    <property name="java.version" value="1.8.0_242"/>
    <property name="user.dir" value="/home/travis/build/schemaspy/schemaspy"/>
    <property name="os.arch" value="amd64"/>
    <property name="java.vm.specification.name" value="Java Virtual Machine Specification"/>
    <property name="java.awt.printerjob" value="sun.print.PSPrinterJob"/>
    <property name="sun.os.patch.level" value="unknown"/>
    <property name="java.library.path" value="/usr/java/packages/lib/amd64:/usr/lib/x86_64-linux-gnu/jni:/lib/x86_64-linux-gnu:/usr/lib/x86_64-linux-gnu:/usr/lib/jni:/lib:/usr/lib"/>
    <property name="java.vm.info" value="mixed mode"/>
    <property name="java.vendor" value="Private Build"/>
    <property name="java.vm.version" value="25.242-b08"/>
    <property name="java.ext.dirs" value="/usr/lib/jvm/java-8-openjdk-amd64/jre/lib/ext:/usr/java/packages/lib/ext"/>
    <property name="sun.io.unicode.encoding" value="UnicodeLittle"/>
    <property name="java.class.version" value="52.0"/>
  </properties>
  <testcase name="org.schemaspy.testcontainer.InformixCheckConstraintIT" classname="org.schemaspy.testcontainer.InformixCheckConstraintIT" time="0">
    <skipped message="Class not present com.informix.jdbc.IfxDriver"/>
    <system-out><![CDATA[23:31:43.409 [main] INFO  org.springframework.boot.test.context.SpringBootTestContextBootstrapper - Neither @ContextConfiguration nor @ContextHierarchy found for test class [org.schemaspy.testcontainer.InformixCheckConstraintIT], using SpringBootContextLoader
23:31:43.422 [main] INFO  org.springframework.test.context.support.AbstractContextLoader - Could not detect default resource locations for test class [org.schemaspy.testcontainer.InformixCheckConstraintIT]: no resource found for suffixes {-context.xml, Context.groovy}.
23:31:43.423 [main] INFO  org.springframework.test.context.support.AnnotationConfigContextLoaderUtils - Could not detect default configuration classes for test class [org.schemaspy.testcontainer.InformixCheckConstraintIT]: InformixCheckConstraintIT does not declare any static, non-private, non-final, nested classes annotated with @Configuration.
23:31:43.755 [main] INFO  org.springframework.boot.test.context.SpringBootTestContextBootstrapper - Found @SpringBootConfiguration org.schemaspy.Main for test class org.schemaspy.testcontainer.InformixCheckConstraintIT
23:31:43.947 [main] INFO  org.springframework.boot.test.context.SpringBootTestContextBootstrapper - Loaded default TestExecutionListener class names from location [META-INF/spring.factories]: [org.springframework.boot.test.mock.mockito.MockitoTestExecutionListener, org.springframework.boot.test.mock.mockito.ResetMocksTestExecutionListener, org.springframework.boot.test.autoconfigure.restdocs.RestDocsTestExecutionListener, org.springframework.boot.test.autoconfigure.web.client.MockRestServiceServerResetTestExecutionListener, org.springframework.boot.test.autoconfigure.web.servlet.MockMvcPrintOnlyOnFailureTestExecutionListener, org.springframework.boot.test.autoconfigure.web.servlet.WebDriverTestExecutionListener, org.springframework.test.context.web.ServletTestExecutionListener, org.springframework.test.context.support.DirtiesContextBeforeModesTestExecutionListener, org.springframework.test.context.support.DependencyInjectionTestExecutionListener, org.springframework.test.context.support.DirtiesContextTestExecutionListener, org.springframework.test.context.transaction.TransactionalTestExecutionListener, org.springframework.test.context.jdbc.SqlScriptsTestExecutionListener]
23:31:43.969 [main] INFO  org.springframework.boot.test.context.SpringBootTestContextBootstrapper - Using TestExecutionListeners: [org.springframework.test.context.support.DirtiesContextBeforeModesTestExecutionListener@74ee07e, org.springframework.boot.test.mock.mockito.MockitoTestExecutionListener@3c88db1, org.springframework.boot.test.autoconfigure.SpringBootDependencyInjectionTestExecutionListener@241861bc, org.springframework.test.context.support.DirtiesContextTestExecutionListener@5078e308, org.springframework.boot.test.mock.mockito.ResetMocksTestExecutionListener@2045a469, org.springframework.boot.test.autoconfigure.restdocs.RestDocsTestExecutionListener@672710d5, org.springframework.boot.test.autoconfigure.web.client.MockRestServiceServerResetTestExecutionListener@55880c, org.springframework.boot.test.autoconfigure.web.servlet.MockMvcPrintOnlyOnFailureTestExecutionListener@17224bad, org.springframework.boot.test.autoconfigure.web.servlet.WebDriverTestExecutionListener@1ac9c3cc]
]]></system-out>
  </testcase>
</testsuite>